TN:
SF:fileMock.js
FNF:0
FNH:0
DA:1,1
LF:1
LH:1
BRDA:1,0,0,1
BRF:1
BRH:1
end_of_record
TN:
SF:src\API\axios.tsx
FNF:0
FNH:0
DA:1,1
DA:2,1
DA:3,1
DA:4,1
DA:5,1
DA:6,1
LF:6
LH:6
BRF:0
BRH:0
end_of_record
TN:
SF:src\Components\Section\ToDoList\ToDoInput.tsx
FN:13,ToDoInput
FN:17,addTask
FN:56,onChange
FN:72,onChange
FNF:4
FNH:4
FNDA:12,ToDoInput
FNDA:3,addTask
FNDA:2,onChange
FNDA:2,onChange
DA:1,1
DA:2,1
DA:3,1
DA:4,1
DA:5,1
DA:6,1
DA:7,1
DA:8,1
DA:9,1
DA:10,1
DA:11,1
DA:12,1
DA:13,1
DA:14,12
DA:15,12
DA:16,12
DA:17,12
DA:18,3
DA:19,3
DA:20,1
DA:21,1
DA:22,1
DA:23,1
DA:24,2
DA:25,2
DA:26,2
DA:27,2
DA:28,3
DA:29,1
DA:30,1
DA:31,1
DA:32,1
DA:33,1
DA:34,1
DA:35,1
DA:36,1
DA:37,1
DA:38,1
DA:39,1
DA:40,1
DA:41,1
DA:42,1
DA:43,1
DA:44,1
DA:45,1
DA:46,12
DA:47,12
DA:48,12
DA:49,12
DA:50,12
DA:51,12
DA:52,12
DA:53,12
DA:54,12
DA:55,12
DA:56,12
DA:57,12
DA:58,12
DA:59,12
DA:60,12
DA:61,2
DA:62,12
DA:63,12
DA:64,12
DA:65,12
DA:66,12
DA:67,12
DA:68,12
DA:69,12
DA:70,12
DA:71,12
DA:72,12
DA:73,2
DA:74,12
DA:75,12
DA:76,12
DA:77,12
DA:78,12
DA:79,12
DA:80,12
DA:81,12
DA:82,12
DA:83,1
DA:84,1
LF:84
LH:84
BRDA:13,0,0,12
BRDA:60,1,0,2
BRDA:17,2,0,3
BRDA:19,3,0,1
BRDA:24,4,0,2
BRDA:28,5,0,1
BRDA:26,6,0,3
BRDA:56,7,0,2
BRDA:72,8,0,2
BRF:9
BRH:9
end_of_record
TN:
SF:src\Components\Section\ToDoList\ToDoList.tsx
FN:14,ToDoList
FN:17,updateTask
FN:29,updateStatus
FN:34,toggleUpdateTask
FN:40,deleteTask
FN:94,onChange
FN:110,onChange
FN:120,onClick
FN:130,onClick
FNF:9
FNH:9
FNDA:18,ToDoList
FNDA:1,updateTask
FNDA:1,updateStatus
FNDA:3,toggleUpdateTask
FNDA:1,deleteTask
FNDA:1,onChange
FNDA:1,onChange
FNDA:3,onClick
FNDA:1,onClick
DA:1,1
DA:2,1
DA:3,1
DA:4,1
DA:5,1
DA:6,1
DA:7,1
DA:8,1
DA:9,1
DA:10,1
DA:11,1
DA:12,1
DA:13,1
DA:14,1
DA:15,18
DA:16,18
DA:17,18
DA:18,1
DA:19,1
DA:20,1
DA:21,1
DA:22,1
DA:23,1
DA:24,1
DA:25,1
DA:26,1
DA:27,1
DA:28,18
DA:29,18
DA:30,1
DA:31,1
DA:32,1
DA:33,18
DA:34,18
DA:35,3
DA:36,3
DA:37,3
DA:38,3
DA:39,18
DA:40,18
DA:41,1
DA:42,1
DA:43,1
DA:44,18
DA:45,18
DA:46,18
DA:47,18
DA:48,8
DA:49,8
DA:50,8
DA:51,8
DA:52,8
DA:53,8
DA:54,8
DA:55,8
DA:56,8
DA:57,8
DA:58,8
DA:59,8
DA:60,8
DA:61,8
DA:62,8
DA:63,8
DA:64,8
DA:65,8
DA:66,8
DA:67,8
DA:68,8
DA:69,8
DA:70,18
DA:71,10
DA:72,10
DA:73,8
DA:74,8
DA:75,8
DA:76,8
DA:77,8
DA:78,8
DA:79,8
DA:80,8
DA:81,8
DA:82,8
DA:83,6
DA:84,8
DA:85,2
DA:86,2
DA:87,2
DA:88,2
DA:89,2
DA:90,2
DA:91,2
DA:92,2
DA:93,2
DA:94,2
DA:95,1
DA:96,2
DA:97,2
DA:98,2
DA:99,8
DA:100,8
DA:101,8
DA:102,8
DA:103,8
DA:104,8
DA:105,8
DA:106,8
DA:107,8
DA:108,8
DA:109,8
DA:110,8
DA:111,1
DA:112,8
DA:113,8
DA:114,8
DA:115,8
DA:116,8
DA:117,8
DA:118,8
DA:119,8
DA:120,8
DA:121,3
DA:122,8
DA:123,8
DA:124,8
DA:125,8
DA:126,8
DA:127,8
DA:128,8
DA:129,8
DA:130,8
DA:131,1
DA:132,8
DA:133,8
DA:134,8
DA:135,8
DA:136,8
DA:137,8
DA:138,8
DA:139,8
DA:140,10
DA:141,2
DA:142,2
DA:143,2
DA:144,10
DA:145,10
DA:146,18
DA:147,18
DA:148,18
DA:149,18
DA:150,1
DA:151,1
LF:151
LH:151
BRDA:14,0,0,18
BRDA:47,1,0,8
BRDA:70,2,0,10
BRDA:72,3,0,8
BRDA:140,4,0,2
BRDA:17,5,0,1
BRDA:29,6,0,1
BRDA:34,7,0,3
BRDA:36,8,0,2
BRDA:37,9,0,1
BRDA:40,10,0,1
BRDA:74,11,0,8
BRDA:80,12,0,0
BRDA:82,13,0,6
BRDA:84,14,0,2
BRDA:94,15,0,1
BRDA:110,16,0,1
BRDA:120,17,0,3
BRDA:130,18,0,1
BRF:19
BRH:18
end_of_record
TN:
SF:src\Reducers\TaskReducer.ts
FN:10,taskReducer
FNF:1
FNH:1
FNDA:6,taskReducer
DA:1,1
DA:2,1
DA:3,1
DA:4,1
DA:5,1
DA:6,1
DA:7,1
DA:8,1
DA:9,1
DA:10,1
DA:11,6
DA:12,6
DA:13,1
DA:14,6
DA:15,1
DA:16,6
DA:17,1
DA:18,1
DA:19,1
DA:20,6
DA:21,1
DA:22,2
DA:23,2
DA:24,1
DA:25,1
DA:26,6
DA:27,1
DA:28,6
DA:29,1
DA:30,6
DA:31,6
LF:31
LH:31
BRDA:10,0,0,6
BRDA:12,1,0,1
BRDA:14,2,0,1
BRDA:16,3,0,1
BRDA:20,4,0,1
BRDA:26,5,0,1
BRDA:28,6,0,1
BRDA:17,7,0,2
BRDA:18,8,0,1
BRDA:18,9,0,1
BRDA:21,10,0,2
BRDA:23,11,0,1
BRDA:24,12,0,1
BRDA:27,13,0,2
BRF:14
BRH:14
end_of_record
